[DEBUG] 2019-04-02 16:33:03,870 | /opt/erpnext/frappe-training/apps/frappe/frappe/utils/scheduler.py:
Site: mis.training.local
Queued events for site mis.training.local
[DEBUG] 2019-04-02 16:34:04,058 | /opt/erpnext/frappe-training/apps/frappe/frappe/utils/scheduler.py:
Site: mis.training.local
Queued events for site mis.training.local
[DEBUG] 2019-04-02 16:35:04,226 | /opt/erpnext/frappe-training/apps/frappe/frappe/utils/scheduler.py:
Site: mis.training.local
Queued events for site mis.training.local
[DEBUG] 2019-04-02 16:36:04,371 | /opt/erpnext/frappe-training/apps/frappe/frappe/utils/scheduler.py:
Site: mis.training.local
Queued events for site mis.training.local
[DEBUG] 2019-04-02 16:37:04,524 | /opt/erpnext/frappe-training/apps/frappe/frappe/utils/scheduler.py:
Site: mis.training.local
Queued events for site mis.training.local
[DEBUG] 2019-04-02 16:38:04,690 | /opt/erpnext/frappe-training/apps/frappe/frappe/utils/scheduler.py:
Site: mis.training.local
Queued events for site mis.training.local
[DEBUG] 2019-04-02 16:39:04,826 | /opt/erpnext/frappe-training/apps/frappe/frappe/utils/scheduler.py:
Site: mis.training.local
Queued events for site mis.training.local
[DEBUG] 2019-04-02 16:40:05,008 | /opt/erpnext/frappe-training/apps/frappe/frappe/utils/scheduler.py:
Site: mis.training.local
Queued events for site mis.training.local
[DEBUG] 2019-04-02 16:41:05,164 | /opt/erpnext/frappe-training/apps/frappe/frappe/utils/scheduler.py:
Site: mis.training.local
Queued events for site mis.training.local
[DEBUG] 2019-04-02 16:42:05,325 | /opt/erpnext/frappe-training/apps/frappe/frappe/utils/scheduler.py:
Site: mis.training.local
Queued events for site mis.training.local
[DEBUG] 2019-04-02 16:43:05,549 | /opt/erpnext/frappe-training/apps/frappe/frappe/utils/scheduler.py:
Site: mis.training.local
Queued events for site mis.training.local
[DEBUG] 2019-04-02 16:44:05,710 | /opt/erpnext/frappe-training/apps/frappe/frappe/utils/scheduler.py:
Site: mis.training.local
Queued events for site mis.training.local
[DEBUG] 2019-04-02 16:45:05,861 | /opt/erpnext/frappe-training/apps/frappe/frappe/utils/scheduler.py:
Site: mis.training.local
Queued events for site mis.training.local
[DEBUG] 2019-04-02 16:46:06,006 | /opt/erpnext/frappe-training/apps/frappe/frappe/utils/scheduler.py:
Site: mis.training.local
Queued events for site mis.training.local
[DEBUG] 2019-04-02 16:47:06,147 | /opt/erpnext/frappe-training/apps/frappe/frappe/utils/scheduler.py:
Site: mis.training.local
Queued events for site mis.training.local
[DEBUG] 2019-04-02 16:48:06,319 | /opt/erpnext/frappe-training/apps/frappe/frappe/utils/scheduler.py:
Site: mis.training.local
Queued events for site mis.training.local
[DEBUG] 2019-04-02 16:49:06,459 | /opt/erpnext/frappe-training/apps/frappe/frappe/utils/scheduler.py:
Site: mis.training.local
Queued events for site mis.training.local
[DEBUG] 2019-04-02 16:50:06,612 | /opt/erpnext/frappe-training/apps/frappe/frappe/utils/scheduler.py:
Site: mis.training.local
Queued events for site mis.training.local
[DEBUG] 2019-04-02 16:51:06,769 | /opt/erpnext/frappe-training/apps/frappe/frappe/utils/scheduler.py:
Site: mis.training.local
Queued events for site mis.training.local
[DEBUG] 2019-04-02 16:52:06,973 | /opt/erpnext/frappe-training/apps/frappe/frappe/utils/scheduler.py:
Site: mis.training.local
Queued events for site mis.training.local
[DEBUG] 2019-04-02 16:53:07,109 | /opt/erpnext/frappe-training/apps/frappe/frappe/utils/scheduler.py:
Site: mis.training.local
Queued events for site mis.training.local
[DEBUG] 2019-04-02 16:54:07,254 | /opt/erpnext/frappe-training/apps/frappe/frappe/utils/scheduler.py:
Site: mis.training.local
Queued events for site mis.training.local
[DEBUG] 2019-04-02 16:55:07,392 | /opt/erpnext/frappe-training/apps/frappe/frappe/utils/scheduler.py:
Site: mis.training.local
Queued events for site mis.training.local
[DEBUG] 2019-04-02 16:56:07,546 | /opt/erpnext/frappe-training/apps/frappe/frappe/utils/scheduler.py:
Site: mis.training.local
Queued events for site mis.training.local
[DEBUG] 2019-04-02 16:57:07,700 | /opt/erpnext/frappe-training/apps/frappe/frappe/utils/scheduler.py:
Site: mis.training.local
Queued events for site mis.training.local
[DEBUG] 2019-04-02 16:58:07,839 | /opt/erpnext/frappe-training/apps/frappe/frappe/utils/scheduler.py:
Site: mis.training.local
Queued events for site mis.training.local
[DEBUG] 2019-04-02 16:59:07,967 | /opt/erpnext/frappe-training/apps/frappe/frappe/utils/scheduler.py:
Site: mis.training.local
Queued events for site mis.training.local
[DEBUG] 2019-04-02 17:00:08,155 | /opt/erpnext/frappe-training/apps/frappe/frappe/utils/scheduler.py:
Site: mis.training.local
Queued events for site mis.training.local
[DEBUG] 2019-04-02 17:01:08,335 | /opt/erpnext/frappe-training/apps/frappe/frappe/utils/scheduler.py:
Site: mis.training.local
Queued events for site mis.training.local
[DEBUG] 2019-04-02 17:02:08,502 | /opt/erpnext/frappe-training/apps/frappe/frappe/utils/scheduler.py:
Site: mis.training.local
Queued events for site mis.training.local
[DEBUG] 2019-04-02 17:03:08,661 | /opt/erpnext/frappe-training/apps/frappe/frappe/utils/scheduler.py:
Site: mis.training.local
Queued events for site mis.training.local
[DEBUG] 2019-04-02 17:04:08,825 | /opt/erpnext/frappe-training/apps/frappe/frappe/utils/scheduler.py:
Site: mis.training.local
Queued events for site mis.training.local
[DEBUG] 2019-04-02 17:05:08,967 | /opt/erpnext/frappe-training/apps/frappe/frappe/utils/scheduler.py:
Site: mis.training.local
Queued events for site mis.training.local
[DEBUG] 2019-04-02 17:06:09,103 | /opt/erpnext/frappe-training/apps/frappe/frappe/utils/scheduler.py:
Site: mis.training.local
Queued events for site mis.training.local
[DEBUG] 2019-04-02 17:07:09,249 | /opt/erpnext/frappe-training/apps/frappe/frappe/utils/scheduler.py:
Site: mis.training.local
Queued events for site mis.training.local
[DEBUG] 2019-04-02 17:08:09,443 | /opt/erpnext/frappe-training/apps/frappe/frappe/utils/scheduler.py:
Site: mis.training.local
Queued events for site mis.training.local
[DEBUG] 2019-04-02 17:09:09,586 | /opt/erpnext/frappe-training/apps/frappe/frappe/utils/scheduler.py:
Site: mis.training.local
Queued events for site mis.training.local
[DEBUG] 2019-04-02 17:10:09,719 | /opt/erpnext/frappe-training/apps/frappe/frappe/utils/scheduler.py:
Site: mis.training.local
Queued events for site mis.training.local
[DEBUG] 2019-04-02 17:11:09,857 | /opt/erpnext/frappe-training/apps/frappe/frappe/utils/scheduler.py:
Site: mis.training.local
Queued events for site mis.training.local
[DEBUG] 2019-04-02 17:12:10,022 | /opt/erpnext/frappe-training/apps/frappe/frappe/utils/scheduler.py:
Site: mis.training.local
Queued events for site mis.training.local
[DEBUG] 2019-04-02 17:13:10,164 | /opt/erpnext/frappe-training/apps/frappe/frappe/utils/scheduler.py:
Site: mis.training.local
Queued events for site mis.training.local
[DEBUG] 2019-04-02 17:14:10,324 | /opt/erpnext/frappe-training/apps/frappe/frappe/utils/scheduler.py:
Site: mis.training.local
Queued events for site mis.training.local
[DEBUG] 2019-04-02 17:15:10,457 | /opt/erpnext/frappe-training/apps/frappe/frappe/utils/scheduler.py:
Site: mis.training.local
Queued events for site mis.training.local
[DEBUG] 2019-04-02 17:16:10,634 | /opt/erpnext/frappe-training/apps/frappe/frappe/utils/scheduler.py:
Site: mis.training.local
Queued events for site mis.training.local
[DEBUG] 2019-04-02 17:17:10,782 | /opt/erpnext/frappe-training/apps/frappe/frappe/utils/scheduler.py:
Site: mis.training.local
Queued events for site mis.training.local
[DEBUG] 2019-04-02 17:18:10,939 | /opt/erpnext/frappe-training/apps/frappe/frappe/utils/scheduler.py:
Site: mis.training.local
Queued events for site mis.training.local
[DEBUG] 2019-04-02 17:19:11,075 | /opt/erpnext/frappe-training/apps/frappe/frappe/utils/scheduler.py:
Site: mis.training.local
Queued events for site mis.training.local
[DEBUG] 2019-04-02 17:20:11,276 | /opt/erpnext/frappe-training/apps/frappe/frappe/utils/scheduler.py:
Site: mis.training.local
Queued events for site mis.training.local
[DEBUG] 2019-04-02 17:21:11,432 | /opt/erpnext/frappe-training/apps/frappe/frappe/utils/scheduler.py:
Site: mis.training.local
Queued events for site mis.training.local
[DEBUG] 2019-04-02 17:22:11,587 | /opt/erpnext/frappe-training/apps/frappe/frappe/utils/scheduler.py:
Site: mis.training.local
Queued events for site mis.training.local
[DEBUG] 2019-04-02 17:23:11,728 | /opt/erpnext/frappe-training/apps/frappe/frappe/utils/scheduler.py:
Site: mis.training.local
Queued events for site mis.training.local
[DEBUG] 2019-04-02 17:24:11,880 | /opt/erpnext/frappe-training/apps/frappe/frappe/utils/scheduler.py:
Site: mis.training.local
Queued events for site mis.training.local
[DEBUG] 2019-04-02 17:25:12,036 | /opt/erpnext/frappe-training/apps/frappe/frappe/utils/scheduler.py:
Site: mis.training.local
Queued events for site mis.training.local
[DEBUG] 2019-04-03 09:11:39,627 | /opt/erpnext/frappe-training/apps/frappe/frappe/utils/scheduler.py:
Site: mis.training.local
Queued events for site mis.training.local
[DEBUG] 2019-04-03 09:12:42,226 | /opt/erpnext/frappe-training/apps/frappe/frappe/utils/scheduler.py:
Site: mis.training.local
Queued events for site mis.training.local
[DEBUG] 2019-04-03 09:13:44,467 | /opt/erpnext/frappe-training/apps/frappe/frappe/utils/scheduler.py:
Site: mis.training.local
Queued events for site mis.training.local
[DEBUG] 2019-04-03 09:14:44,739 | /opt/erpnext/frappe-training/apps/frappe/frappe/utils/scheduler.py:
Site: mis.training.local
Queued events for site mis.training.local
[DEBUG] 2019-04-03 09:15:44,925 | /opt/erpnext/frappe-training/apps/frappe/frappe/utils/scheduler.py:
Site: mis.training.local
Queued events for site mis.training.local
[DEBUG] 2019-04-03 09:16:45,157 | /opt/erpnext/frappe-training/apps/frappe/frappe/utils/scheduler.py:
Site: mis.training.local
Queued events for site mis.training.local
[DEBUG] 2019-04-03 09:17:45,341 | /opt/erpnext/frappe-training/apps/frappe/frappe/utils/scheduler.py:
Site: mis.training.local
Queued events for site mis.training.local
[DEBUG] 2019-04-03 09:18:45,544 | /opt/erpnext/frappe-training/apps/frappe/frappe/utils/scheduler.py:
Site: mis.training.local
Queued events for site mis.training.local
[DEBUG] 2019-04-03 09:19:45,758 | /opt/erpnext/frappe-training/apps/frappe/frappe/utils/scheduler.py:
Site: mis.training.local
Queued events for site mis.training.local
[DEBUG] 2019-04-03 09:20:46,144 | /opt/erpnext/frappe-training/apps/frappe/frappe/utils/scheduler.py:
Site: mis.training.local
Queued events for site mis.training.local
[DEBUG] 2019-04-03 09:21:46,398 | /opt/erpnext/frappe-training/apps/frappe/frappe/utils/scheduler.py:
Site: mis.training.local
Queued events for site mis.training.local
[DEBUG] 2019-04-03 09:22:47,408 | /opt/erpnext/frappe-training/apps/frappe/frappe/utils/scheduler.py:
Site: mis.training.local
Queued events for site mis.training.local
[DEBUG] 2019-04-03 09:23:47,815 | /opt/erpnext/frappe-training/apps/frappe/frappe/utils/scheduler.py:
Site: mis.training.local
Queued events for site mis.training.local
[DEBUG] 2019-04-03 09:24:52,334 | /opt/erpnext/frappe-training/apps/frappe/frappe/utils/scheduler.py:
Site: mis.training.local
Queued events for site mis.training.local
[DEBUG] 2019-04-03 09:25:54,413 | /opt/erpnext/frappe-training/apps/frappe/frappe/utils/scheduler.py:
Site: mis.training.local
Queued events for site mis.training.local
[DEBUG] 2019-04-03 09:26:54,687 | /opt/erpnext/frappe-training/apps/frappe/frappe/utils/scheduler.py:
Site: mis.training.local
Queued events for site mis.training.local
[DEBUG] 2019-04-03 09:27:54,988 | /opt/erpnext/frappe-training/apps/frappe/frappe/utils/scheduler.py:
Site: mis.training.local
Queued events for site mis.training.local
[DEBUG] 2019-04-03 09:28:55,433 | /opt/erpnext/frappe-training/apps/frappe/frappe/utils/scheduler.py:
Site: mis.training.local
Queued events for site mis.training.local
[DEBUG] 2019-04-03 09:30:06,530 | /opt/erpnext/frappe-training/apps/frappe/frappe/utils/scheduler.py:
Site: mis.training.local
Queued events for site mis.training.local
[DEBUG] 2019-04-03 09:31:07,754 | /opt/erpnext/frappe-training/apps/frappe/frappe/utils/scheduler.py:
Site: mis.training.local
Queued events for site mis.training.local
[DEBUG] 2019-04-03 09:32:22,506 | /opt/erpnext/frappe-training/apps/frappe/frappe/utils/scheduler.py:
Site: mis.training.local
Queued events for site mis.training.local
[DEBUG] 2019-04-03 09:33:22,806 | /opt/erpnext/frappe-training/apps/frappe/frappe/utils/scheduler.py:
Site: mis.training.local
Queued events for site mis.training.local
[DEBUG] 2019-04-03 09:34:29,037 | /opt/erpnext/frappe-training/apps/frappe/frappe/utils/scheduler.py:
Site: mis.training.local
Queued events for site mis.training.local
[DEBUG] 2019-04-03 09:35:41,767 | /opt/erpnext/frappe-training/apps/frappe/frappe/utils/scheduler.py:
Site: mis.training.local
Queued events for site mis.training.local
[DEBUG] 2019-04-03 09:36:42,474 | /opt/erpnext/frappe-training/apps/frappe/frappe/utils/scheduler.py:
Site: mis.training.local
Queued events for site mis.training.local
[DEBUG] 2019-04-03 09:37:42,854 | /opt/erpnext/frappe-training/apps/frappe/frappe/utils/scheduler.py:
Site: mis.training.local
Queued events for site mis.training.local
[DEBUG] 2019-04-03 09:38:43,233 | /opt/erpnext/frappe-training/apps/frappe/frappe/utils/scheduler.py:
Site: mis.training.local
Queued events for site mis.training.local
[DEBUG] 2019-04-03 09:39:43,410 | /opt/erpnext/frappe-training/apps/frappe/frappe/utils/scheduler.py:
Site: mis.training.local
Queued events for site mis.training.local
[DEBUG] 2019-04-03 09:40:43,672 | /opt/erpnext/frappe-training/apps/frappe/frappe/utils/scheduler.py:
Site: mis.training.local
Queued events for site mis.training.local
[DEBUG] 2019-04-03 09:41:43,995 | /opt/erpnext/frappe-training/apps/frappe/frappe/utils/scheduler.py:
Site: mis.training.local
Queued events for site mis.training.local
[DEBUG] 2019-04-03 09:42:44,174 | /opt/erpnext/frappe-training/apps/frappe/frappe/utils/scheduler.py:
Site: mis.training.local
Queued events for site mis.training.local
[DEBUG] 2019-04-03 09:43:44,366 | /opt/erpnext/frappe-training/apps/frappe/frappe/utils/scheduler.py:
Site: mis.training.local
Queued events for site mis.training.local
[DEBUG] 2019-04-03 09:44:44,587 | /opt/erpnext/frappe-training/apps/frappe/frappe/utils/scheduler.py:
Site: mis.training.local
Queued events for site mis.training.local
[DEBUG] 2019-04-03 09:45:44,783 | /opt/erpnext/frappe-training/apps/frappe/frappe/utils/scheduler.py:
Site: mis.training.local
Queued events for site mis.training.local
[DEBUG] 2019-04-03 09:46:44,983 | /opt/erpnext/frappe-training/apps/frappe/frappe/utils/scheduler.py:
Site: mis.training.local
Queued events for site mis.training.local
[DEBUG] 2019-04-03 09:47:45,151 | /opt/erpnext/frappe-training/apps/frappe/frappe/utils/scheduler.py:
Site: mis.training.local
Queued events for site mis.training.local
[DEBUG] 2019-04-03 09:48:45,351 | /opt/erpnext/frappe-training/apps/frappe/frappe/utils/scheduler.py:
Site: mis.training.local
Queued events for site mis.training.local
[DEBUG] 2019-04-03 09:49:45,545 | /opt/erpnext/frappe-training/apps/frappe/frappe/utils/scheduler.py:
Site: mis.training.local
Queued events for site mis.training.local
[DEBUG] 2019-04-03 09:50:45,664 | /opt/erpnext/frappe-training/apps/frappe/frappe/utils/scheduler.py:
Site: mis.training.local
Queued events for site mis.training.local
[DEBUG] 2019-04-03 09:51:45,844 | /opt/erpnext/frappe-training/apps/frappe/frappe/utils/scheduler.py:
Site: mis.training.local
Queued events for site mis.training.local
[DEBUG] 2019-04-03 09:52:46,041 | /opt/erpnext/frappe-training/apps/frappe/frappe/utils/scheduler.py:
Site: mis.training.local
Queued events for site mis.training.local
[DEBUG] 2019-04-03 09:53:46,207 | /opt/erpnext/frappe-training/apps/frappe/frappe/utils/scheduler.py:
Site: mis.training.local
Queued events for site mis.training.local
[DEBUG] 2019-04-03 09:54:51,207 | /opt/erpnext/frappe-training/apps/frappe/frappe/utils/scheduler.py:
Site: mis.training.local
Queued events for site mis.training.local
[DEBUG] 2019-04-03 09:55:51,561 | /opt/erpnext/frappe-training/apps/frappe/frappe/utils/scheduler.py:
Site: mis.training.local
Queued events for site mis.training.local
[DEBUG] 2019-04-03 09:56:51,847 | /opt/erpnext/frappe-training/apps/frappe/frappe/utils/scheduler.py:
Site: mis.training.local
Queued events for site mis.training.local
[DEBUG] 2019-04-03 09:57:52,260 | /opt/erpnext/frappe-training/apps/frappe/frappe/utils/scheduler.py:
Site: mis.training.local
Queued events for site mis.training.local
[DEBUG] 2019-04-03 09:58:52,442 | /opt/erpnext/frappe-training/apps/frappe/frappe/utils/scheduler.py:
Site: mis.training.local
Queued events for site mis.training.local
[DEBUG] 2019-04-03 09:59:52,630 | /opt/erpnext/frappe-training/apps/frappe/frappe/utils/scheduler.py:
Site: mis.training.local
Queued events for site mis.training.local
[DEBUG] 2019-04-03 10:00:52,865 | /opt/erpnext/frappe-training/apps/frappe/frappe/utils/scheduler.py:
Site: mis.training.local
Queued events for site mis.training.local
[DEBUG] 2019-04-03 10:01:53,062 | /opt/erpnext/frappe-training/apps/frappe/frappe/utils/scheduler.py:
Site: mis.training.local
Queued events for site mis.training.local
[DEBUG] 2019-04-03 10:02:53,319 | /opt/erpnext/frappe-training/apps/frappe/frappe/utils/scheduler.py:
Site: mis.training.local
Queued events for site mis.training.local
[DEBUG] 2019-04-03 10:03:53,518 | /opt/erpnext/frappe-training/apps/frappe/frappe/utils/scheduler.py:
Site: mis.training.local
Queued events for site mis.training.local
[DEBUG] 2019-04-03 10:04:53,817 | /opt/erpnext/frappe-training/apps/frappe/frappe/utils/scheduler.py:
Site: mis.training.local
Queued events for site mis.training.local
[DEBUG] 2019-04-03 10:05:54,076 | /opt/erpnext/frappe-training/apps/frappe/frappe/utils/scheduler.py:
Site: mis.training.local
Queued events for site mis.training.local
[DEBUG] 2019-04-03 10:06:54,335 | /opt/erpnext/frappe-training/apps/frappe/frappe/utils/scheduler.py:
Site: mis.training.local
Queued events for site mis.training.local
[DEBUG] 2019-04-03 10:07:54,535 | /opt/erpnext/frappe-training/apps/frappe/frappe/utils/scheduler.py:
Site: mis.training.local
Queued events for site mis.training.local
[DEBUG] 2019-04-03 10:08:54,819 | /opt/erpnext/frappe-training/apps/frappe/frappe/utils/scheduler.py:
Site: mis.training.local
Queued events for site mis.training.local
[DEBUG] 2019-04-03 10:09:55,027 | /opt/erpnext/frappe-training/apps/frappe/frappe/utils/scheduler.py:
Site: mis.training.local
Queued events for site mis.training.local
[DEBUG] 2019-04-03 10:10:55,259 | /opt/erpnext/frappe-training/apps/frappe/frappe/utils/scheduler.py:
Site: mis.training.local
Queued events for site mis.training.local
[DEBUG] 2019-04-03 10:11:55,442 | /opt/erpnext/frappe-training/apps/frappe/frappe/utils/scheduler.py:
Site: mis.training.local
Queued events for site mis.training.local
[ERROR] 2019-04-03 10:15:51,688 | /opt/erpnext/frappe-training/apps/frappe/frappe/utils/scheduler.py:
Site: mis.training.local
Exception in Enqueue Events for Site mis.training.local
Traceback (most recent call last):
  File "/opt/erpnext/frappe-training/apps/frappe/frappe/utils/scheduler.py", line 93, in enqueue_events_for_site
    if is_scheduler_disabled():
  File "/opt/erpnext/frappe-training/apps/frappe/frappe/utils/scheduler.py", line 237, in is_scheduler_disabled
    return not frappe.utils.cint(frappe.db.get_single_value("System Settings", "enable_scheduler"))
  File "/opt/erpnext/frappe-training/apps/frappe/frappe/database.py", line 635, in get_single_value
    tabSingles where doctype=%s and field=%s""", (doctype, fieldname))
  File "/opt/erpnext/frappe-training/apps/frappe/frappe/database.py", line 165, in sql
    self.connect()
  File "/opt/erpnext/frappe-training/apps/frappe/frappe/database.py", line 115, in connect
    charset='utf8mb4', use_unicode = True, conv = conversions, local_infile = self.local_infile)
  File "/opt/erpnext/frappe-training/env/lib/python3.6/site-packages/pymysql/__init__.py", line 94, in Connect
    return Connection(*args, **kwargs)
  File "/opt/erpnext/frappe-training/env/lib/python3.6/site-packages/pymysql/connections.py", line 325, in __init__
    self.connect()
  File "/opt/erpnext/frappe-training/env/lib/python3.6/site-packages/pymysql/connections.py", line 599, in connect
    self._request_authentication()
  File "/opt/erpnext/frappe-training/env/lib/python3.6/site-packages/pymysql/connections.py", line 861, in _request_authentication
    auth_packet = self._read_packet()
  File "/opt/erpnext/frappe-training/env/lib/python3.6/site-packages/pymysql/connections.py", line 657, in _read_packet
    packet_header = self._read_bytes(4)
  File "/opt/erpnext/frappe-training/env/lib/python3.6/site-packages/pymysql/connections.py", line 707, in _read_bytes
    CR.CR_SERVER_LOST, "Lost connection to MySQL server during query")
pymysql.err.OperationalError: (2013, 'Lost connection to MySQL server during query')

[DEBUG] 2019-04-03 10:17:32,516 | /opt/erpnext/frappe-training/apps/frappe/frappe/utils/scheduler.py:
Site: mis.training.local
Queued events for site mis.training.local
[DEBUG] 2019-04-03 10:18:33,131 | /opt/erpnext/frappe-training/apps/frappe/frappe/utils/scheduler.py:
Site: mis.training.local
Queued events for site mis.training.local
[DEBUG] 2019-04-03 10:19:37,406 | /opt/erpnext/frappe-training/apps/frappe/frappe/utils/scheduler.py:
Site: mis.training.local
Queued events for site mis.training.local
[DEBUG] 2019-04-03 10:20:38,416 | /opt/erpnext/frappe-training/apps/frappe/frappe/utils/scheduler.py:
Site: mis.training.local
Queued events for site mis.training.local
[DEBUG] 2019-04-03 10:21:38,664 | /opt/erpnext/frappe-training/apps/frappe/frappe/utils/scheduler.py:
Site: mis.training.local
Queued events for site mis.training.local
[DEBUG] 2019-04-03 10:22:38,941 | /opt/erpnext/frappe-training/apps/frappe/frappe/utils/scheduler.py:
Site: mis.training.local
Queued events for site mis.training.local
[DEBUG] 2019-04-03 10:23:39,179 | /opt/erpnext/frappe-training/apps/frappe/frappe/utils/scheduler.py:
Site: mis.training.local
Queued events for site mis.training.local
[DEBUG] 2019-04-03 10:24:39,461 | /opt/erpnext/frappe-training/apps/frappe/frappe/utils/scheduler.py:
Site: mis.training.local
Queued events for site mis.training.local
[DEBUG] 2019-04-03 10:25:39,670 | /opt/erpnext/frappe-training/apps/frappe/frappe/utils/scheduler.py:
Site: mis.training.local
Queued events for site mis.training.local
[DEBUG] 2019-04-03 10:26:39,915 | /opt/erpnext/frappe-training/apps/frappe/frappe/utils/scheduler.py:
Site: mis.training.local
Queued events for site mis.training.local
[DEBUG] 2019-04-03 10:27:40,138 | /opt/erpnext/frappe-training/apps/frappe/frappe/utils/scheduler.py:
Site: mis.training.local
Queued events for site mis.training.local
[DEBUG] 2019-04-03 10:28:40,333 | /opt/erpnext/frappe-training/apps/frappe/frappe/utils/scheduler.py:
Site: mis.training.local
Queued events for site mis.training.local
[DEBUG] 2019-04-03 10:29:40,552 | /opt/erpnext/frappe-training/apps/frappe/frappe/utils/scheduler.py:
Site: mis.training.local
Queued events for site mis.training.local
[DEBUG] 2019-04-03 10:30:40,751 | /opt/erpnext/frappe-training/apps/frappe/frappe/utils/scheduler.py:
Site: mis.training.local
Queued events for site mis.training.local
[DEBUG] 2019-04-03 10:31:40,924 | /opt/erpnext/frappe-training/apps/frappe/frappe/utils/scheduler.py:
Site: mis.training.local
Queued events for site mis.training.local
[DEBUG] 2019-04-03 10:32:41,181 | /opt/erpnext/frappe-training/apps/frappe/frappe/utils/scheduler.py:
Site: mis.training.local
Queued events for site mis.training.local
[DEBUG] 2019-04-03 10:33:41,326 | /opt/erpnext/frappe-training/apps/frappe/frappe/utils/scheduler.py:
Site: mis.training.local
Queued events for site mis.training.local
[DEBUG] 2019-04-03 10:34:41,496 | /opt/erpnext/frappe-training/apps/frappe/frappe/utils/scheduler.py:
Site: mis.training.local
Queued events for site mis.training.local
[DEBUG] 2019-04-03 10:35:41,689 | /opt/erpnext/frappe-training/apps/frappe/frappe/utils/scheduler.py:
Site: mis.training.local
Queued events for site mis.training.local
[DEBUG] 2019-04-03 10:36:42,031 | /opt/erpnext/frappe-training/apps/frappe/frappe/utils/scheduler.py:
Site: mis.training.local
Queued events for site mis.training.local
[DEBUG] 2019-04-03 10:37:42,249 | /opt/erpnext/frappe-training/apps/frappe/frappe/utils/scheduler.py:
Site: mis.training.local
Queued events for site mis.training.local
[DEBUG] 2019-04-03 10:38:42,570 | /opt/erpnext/frappe-training/apps/frappe/frappe/utils/scheduler.py:
Site: mis.training.local
Queued events for site mis.training.local
[DEBUG] 2019-04-03 10:39:42,761 | /opt/erpnext/frappe-training/apps/frappe/frappe/utils/scheduler.py:
Site: mis.training.local
Queued events for site mis.training.local
[DEBUG] 2019-04-03 10:40:42,984 | /opt/erpnext/frappe-training/apps/frappe/frappe/utils/scheduler.py:
Site: mis.training.local
Queued events for site mis.training.local
[DEBUG] 2019-04-03 10:41:43,182 | /opt/erpnext/frappe-training/apps/frappe/frappe/utils/scheduler.py:
Site: mis.training.local
Queued events for site mis.training.local
[DEBUG] 2019-04-03 10:42:43,350 | /opt/erpnext/frappe-training/apps/frappe/frappe/utils/scheduler.py:
Site: mis.training.local
Queued events for site mis.training.local
[DEBUG] 2019-04-03 10:43:43,543 | /opt/erpnext/frappe-training/apps/frappe/frappe/utils/scheduler.py:
Site: mis.training.local
Queued events for site mis.training.local
[DEBUG] 2019-04-03 10:44:43,729 | /opt/erpnext/frappe-training/apps/frappe/frappe/utils/scheduler.py:
Site: mis.training.local
Queued events for site mis.training.local
[DEBUG] 2019-04-03 10:45:43,985 | /opt/erpnext/frappe-training/apps/frappe/frappe/utils/scheduler.py:
Site: mis.training.local
Queued events for site mis.training.local
[DEBUG] 2019-04-03 10:46:44,188 | /opt/erpnext/frappe-training/apps/frappe/frappe/utils/scheduler.py:
Site: mis.training.local
Queued events for site mis.training.local
[DEBUG] 2019-04-03 10:47:44,384 | /opt/erpnext/frappe-training/apps/frappe/frappe/utils/scheduler.py:
Site: mis.training.local
Queued events for site mis.training.local
[DEBUG] 2019-04-03 10:48:44,587 | /opt/erpnext/frappe-training/apps/frappe/frappe/utils/scheduler.py:
Site: mis.training.local
Queued events for site mis.training.local
[DEBUG] 2019-04-03 10:49:44,800 | /opt/erpnext/frappe-training/apps/frappe/frappe/utils/scheduler.py:
Site: mis.training.local
Queued events for site mis.training.local
[DEBUG] 2019-04-03 10:50:45,194 | /opt/erpnext/frappe-training/apps/frappe/frappe/utils/scheduler.py:
Site: mis.training.local
Queued events for site mis.training.local
[DEBUG] 2019-04-03 10:51:45,377 | /opt/erpnext/frappe-training/apps/frappe/frappe/utils/scheduler.py:
Site: mis.training.local
Queued events for site mis.training.local
[DEBUG] 2019-04-03 10:52:45,565 | /opt/erpnext/frappe-training/apps/frappe/frappe/utils/scheduler.py:
Site: mis.training.local
Queued events for site mis.training.local
[DEBUG] 2019-04-03 10:53:45,718 | /opt/erpnext/frappe-training/apps/frappe/frappe/utils/scheduler.py:
Site: mis.training.local
Queued events for site mis.training.local
